Unity Editor version:    2021.2.11f1 (e50cafbb4399)
Branch:                  2021.2/staging
Build type:              Release
Batch mode:              YES
macOS version:           Version 12.0.1 (Build 21A559)
Darwin version:          21.1.0
Architecture:            arm64
Running under Rosetta:   NO
Available memory:        32768 MB
Using pre-set license
Pro License: NO

COMMAND LINE ARGUMENTS:
/Applications/Unity/Hub/Editor/2021.2.11f1/Unity.app/Contents/MacOS/Unity
-adb2
-batchMode
-noUpm
-name
AssetImportWorker0
-projectPath
/Users/derek/Public/GitHub/Unity-Learn-Pathways-JuniorProgrammer-ProgrammingTheoryInAction
-logFile
Logs/AssetImportWorker0.log
-srvPort
52487
Successfully changed project path to: /Users/derek/Public/GitHub/Unity-Learn-Pathways-JuniorProgrammer-ProgrammingTheoryInAction
/Users/derek/Public/GitHub/Unity-Learn-Pathways-JuniorProgrammer-ProgrammingTheoryInAction
[UnityMemory] Configuration Parameters - Can be set up in boot.config
    "memorysetup-bucket-allocator-granularity=16"
    "memorysetup-bucket-allocator-bucket-count=8"
    "memorysetup-bucket-allocator-block-size=33554432"
    "memorysetup-bucket-allocator-block-count=8"
    "memorysetup-main-allocator-block-size=16777216"
    "memorysetup-thread-allocator-block-size=16777216"
    "memorysetup-gfx-main-allocator-block-size=16777216"
    "memorysetup-gfx-thread-allocator-block-size=16777216"
    "memorysetup-cache-allocator-block-size=4194304"
    "memorysetup-typetree-allocator-block-size=2097152"
    "memorysetup-profiler-bucket-allocator-granularity=16"
    "memorysetup-profiler-bucket-allocator-bucket-count=8"
    "memorysetup-profiler-bucket-allocator-block-size=33554432"
    "memorysetup-profiler-bucket-allocator-block-count=8"
    "memorysetup-profiler-allocator-block-size=16777216"
    "memorysetup-profiler-editor-allocator-block-size=1048576"
    "memorysetup-temp-allocator-size-main=16777216"
    "memorysetup-job-temp-allocator-block-size=2097152"
    "memorysetup-job-temp-allocator-block-size-background=1048576"
    "memorysetup-job-temp-allocator-reduction-small-platforms=262144"
    "memorysetup-temp-allocator-size-background-worker=32768"
    "memorysetup-temp-allocator-size-job-worker=262144"
    "memorysetup-temp-allocator-size-preload-manager=33554432"
    "memorysetup-temp-allocator-size-nav-mesh-worker=65536"
    "memorysetup-temp-allocator-size-audio-worker=65536"
    "memorysetup-temp-allocator-size-cloud-worker=32768"
    "memorysetup-temp-allocator-size-gi-baking-worker=262144"
    "memorysetup-temp-allocator-size-gfx=262144"
Refreshing native plugins compatible for Editor in 60.13 ms, found 2 plugins.
Preloading 0 native plugins for Editor in 0.00 ms.
Initialize engine version: 2021.2.11f1 (e50cafbb4399)
[Subsystems] Discovering subsystems at path /Applications/Unity/Hub/Editor/2021.2.11f1/Unity.app/Contents/Resources/UnitySubsystems
[Subsystems] Discovering subsystems at path /Users/derek/Public/GitHub/Unity-Learn-Pathways-JuniorProgrammer-ProgrammingTheoryInAction/Assets
GfxDevice: creating device client; threaded=0; jobified=0
 preferred device: Apple M1 Pro (high power)
Metal devices available: 1
0: Apple M1 Pro (high power)
Using device Apple M1 Pro (high power)
Initializing Metal device caps: Apple M1 Pro
Initialize mono
Mono path[0] = '/Applications/Unity/Hub/Editor/2021.2.11f1/Unity.app/Contents/Managed'
Mono path[1] = '/Applications/Unity/Hub/Editor/2021.2.11f1/Unity.app/Contents/MonoBleedingEdge/lib/mono/unityjit-macos'
Mono config path = '/Applications/Unity/Hub/Editor/2021.2.11f1/Unity.app/Contents/MonoBleedingEdge/etc'
Using monoOptions --debugger-agent=transport=dt_socket,embedding=1,server=y,suspend=n,address=127.0.0.1:56993
Begin MonoManager ReloadAssembly
Registering precompiled unity dll's ...
Register platform support module: /Applications/Unity/Hub/Editor/2021.2.11f1/PlaybackEngines/WebGLSupport/UnityEditor.WebGL.Extensions.dll
Register platform support module: /Applications/Unity/Hub/Editor/2021.2.11f1/Unity.app/Contents/PlaybackEngines/MacStandaloneSupport/UnityEditor.OSXStandalone.Extensions.dll
Registered in 0.001005 seconds.
Native extension for OSXStandalone target not found
Native extension for WebGL target not found
Refreshing native plugins compatible for Editor in 64.12 ms, found 2 plugins.
Preloading 0 native plugins for Editor in 0.00 ms.
Mono: successfully reloaded assembly
- Completed reload, in  0.357 seconds
Domain Reload Profiling:
	ReloadAssembly (357ms)
		BeginReloadAssembly (26ms)
			ExecutionOrderSort (0ms)
			DisableScriptedObjects (0ms)
			BackupInstance (0ms)
			ReleaseScriptingObjects (0ms)
			CreateAndSetChildDomain (0ms)
		EndReloadAssembly (283ms)
			LoadAssemblies (25ms)
			RebuildTransferFunctionScriptingTraits (0ms)
			SetupTypeCache (64ms)
			ReleaseScriptCaches (0ms)
			RebuildScriptCaches (18ms)
			SetupLoadedEditorAssemblies (175ms)
				LogAssemblyErrors (0ms)
				InitializePlatformSupportModulesInManaged (7ms)
				SetLoadedEditorAssemblies (0ms)
				RefreshPlugins (64ms)
				BeforeProcessingInitializeOnLoad (1ms)
				ProcessInitializeOnLoadAttributes (79ms)
				ProcessInitializeOnLoadMethodAttributes (24ms)
				AfterProcessingInitializeOnLoad (0ms)
				EditorAssembliesLoaded (0ms)
			ExecutionOrderSort2 (0ms)
			AwakeInstancesAfterBackupRestoration (0ms)
Platform modules already initialized, skipping
Registering precompiled user dll's ...
Registered in 0.001366 seconds.
Begin MonoManager ReloadAssembly
Symbol file LoadedFromMemory doesn't match image /Users/derek/Public/GitHub/Unity-Learn-Pathways-JuniorProgrammer-ProgrammingTheoryInAction/Library/PackageCache/com.unity.visualscripting@1.7.7/Editor/VisualScripting.Core/Dependencies/YamlDotNet/Unity.VisualScripting.YamlDotNet.dll
Symbol file LoadedFromMemory is not a mono symbol file
Symbol file LoadedFromMemory doesn't match image /Users/derek/Public/GitHub/Unity-Learn-Pathways-JuniorProgrammer-ProgrammingTheoryInAction/Library/PackageCache/com.unity.visualscripting@1.7.7/Editor/VisualScripting.Core/Dependencies/DotNetZip/Unity.VisualScripting.IonicZip.dll
Native extension for OSXStandalone target not found
Native extension for WebGL target not found
Refreshing native plugins compatible for Editor in 63.28 ms, found 2 plugins.
Preloading 0 native plugins for Editor in 0.00 ms.
Mono: successfully reloaded assembly
- Completed reload, in  0.624 seconds
Domain Reload Profiling:
	ReloadAssembly (625ms)
		BeginReloadAssembly (49ms)
			ExecutionOrderSort (0ms)
			DisableScriptedObjects (3ms)
			BackupInstance (0ms)
			ReleaseScriptingObjects (0ms)
			CreateAndSetChildDomain (12ms)
		EndReloadAssembly (519ms)
			LoadAssemblies (29ms)
			RebuildTransferFunctionScriptingTraits (0ms)
			SetupTypeCache (137ms)
			ReleaseScriptCaches (0ms)
			RebuildScriptCaches (32ms)
			SetupLoadedEditorAssemblies (287ms)
				LogAssemblyErrors (0ms)
				InitializePlatformSupportModulesInManaged (5ms)
				SetLoadedEditorAssemblies (0ms)
				RefreshPlugins (63ms)
				BeforeProcessingInitializeOnLoad (51ms)
				ProcessInitializeOnLoadAttributes (155ms)
				ProcessInitializeOnLoadMethodAttributes (11ms)
				AfterProcessingInitializeOnLoad (1ms)
				EditorAssembliesLoaded (0ms)
			ExecutionOrderSort2 (0ms)
			AwakeInstancesAfterBackupRestoration (2ms)
Platform modules already initialized, skipping
========================================================================
Worker process is ready to serve import requests
Launching external process: /Applications/Unity/Hub/Editor/2021.2.11f1/Unity.app/Contents/Tools/UnityShaderCompiler
Launched and connected shader compiler UnityShaderCompiler after 0.04 seconds
Refreshing native plugins compatible for Editor in 0.36 ms, found 2 plugins.
Preloading 0 native plugins for Editor in 0.00 ms.
Unloading 3523 Unused Serialized files (Serialized files now loaded: 0)
Unloading 25 unused Assets / (43.8 KB). Loaded Objects now: 3986.
Memory consumption went from 284.7 MB to 284.6 MB.
Total: 2.337292 ms (FindLiveObjects: 0.123333 ms CreateObjectMapping: 0.045542 ms MarkObjects: 2.110250 ms  DeleteObjects: 0.057250 ms)

AssetImportParameters requested are different than current active one (requested -> active):
  custom:video-decoder-ogg-theora: a1e56fd34408186e4bbccfd4996cb3dc -> 
  custom:container-muxer-webm: aa71ff27fc2769a1b78a27578f13a17b -> 
  custom:container-demuxer-webm: 4f35f7cbe854078d1ac9338744f61a02 -> 
  custom:video-encoder-webm-vp8: eb34c28f22e8b96e1ab97ce403110664 -> 
  custom:framework-osx-AVFoundation: e770b220cccbd017edd2c1fefb359320 -> 
  custom:audio-encoder-webm-vorbis: bf7c407c2cedff20999df2af8eb42d56 -> 
  custom:container-demuxer-ogg: 62fdf1f143b41e24485cea50d1cbac27 -> 
  custom:video-decoder-webm-vp8: 9c59270c3fd7afecdb556c50c9e8de78 -> 
  custom:audio-decoder-ogg-vorbis: bf7c407c2cedff20999df2af8eb42d56 -> 
========================================================================
Received Import Request.
  Time since last request: 1847896.459895 seconds.
  path: Assets/Scenes/Title.unity
  artifactKey: Guid(9fc0d4010bbf28b4594072e72b8655ab) Importer(815301076,1909f56bfc062723c751e8b465ee728b)
Start importing Assets/Scenes/Title.unity using Guid(9fc0d4010bbf28b4594072e72b8655ab) Importer(815301076,1909f56bfc062723c751e8b465ee728b)  -> (artifact id: '2959722aa3e86b9e96d813a449f2b097') in 0.010648 seconds 
========================================================================
Received Prepare
Registering precompiled user dll's ...
Registered in 0.001385 seconds.
Begin MonoManager ReloadAssembly
Thread 0x284087000 may have been prematurely finalized
Symbol file LoadedFromMemory doesn't match image /Users/derek/Public/GitHub/Unity-Learn-Pathways-JuniorProgrammer-ProgrammingTheoryInAction/Library/PackageCache/com.unity.visualscripting@1.7.7/Editor/VisualScripting.Core/Dependencies/YamlDotNet/Unity.VisualScripting.YamlDotNet.dll
Symbol file LoadedFromMemory is not a mono symbol file
Symbol file LoadedFromMemory doesn't match image /Users/derek/Public/GitHub/Unity-Learn-Pathways-JuniorProgrammer-ProgrammingTheoryInAction/Library/PackageCache/com.unity.visualscripting@1.7.7/Editor/VisualScripting.Core/Dependencies/DotNetZip/Unity.VisualScripting.IonicZip.dll
Native extension for OSXStandalone target not found
Native extension for WebGL target not found
Refreshing native plugins compatible for Editor in 0.32 ms, found 2 plugins.
Preloading 0 native plugins for Editor in 0.00 ms.
Mono: successfully reloaded assembly
- Completed reload, in  0.526 seconds
Domain Reload Profiling:
	ReloadAssembly (527ms)
		BeginReloadAssembly (63ms)
			ExecutionOrderSort (0ms)
			DisableScriptedObjects (3ms)
			BackupInstance (0ms)
			ReleaseScriptingObjects (0ms)
			CreateAndSetChildDomain (21ms)
		EndReloadAssembly (406ms)
			LoadAssemblies (29ms)
			RebuildTransferFunctionScriptingTraits (0ms)
			SetupTypeCache (135ms)
			ReleaseScriptCaches (1ms)
			RebuildScriptCaches (25ms)
			SetupLoadedEditorAssemblies (184ms)
				LogAssemblyErrors (0ms)
				InitializePlatformSupportModulesInManaged (5ms)
				SetLoadedEditorAssemblies (0ms)
				RefreshPlugins (0ms)
				BeforeProcessingInitializeOnLoad (33ms)
				ProcessInitializeOnLoadAttributes (132ms)
				ProcessInitializeOnLoadMethodAttributes (12ms)
				AfterProcessingInitializeOnLoad (1ms)
				EditorAssembliesLoaded (0ms)
			ExecutionOrderSort2 (0ms)
			AwakeInstancesAfterBackupRestoration (2ms)
Platform modules already initialized, skipping
Refreshing native plugins compatible for Editor in 0.25 ms, found 2 plugins.
Preloading 0 native plugins for Editor in 0.00 ms.
Unloading 3517 Unused Serialized files (Serialized files now loaded: 0)
Unloading 18 unused Assets / (21.9 KB). Loaded Objects now: 3989.
Memory consumption went from 284.5 MB to 284.5 MB.
Total: 2.109583 ms (FindLiveObjects: 0.132416 ms CreateObjectMapping: 0.043625 ms MarkObjects: 1.920209 ms  DeleteObjects: 0.012750 ms)

AssetImportParameters requested are different than current active one (requested -> active):
  custom:video-decoder-ogg-theora: a1e56fd34408186e4bbccfd4996cb3dc -> 
  custom:container-muxer-webm: aa71ff27fc2769a1b78a27578f13a17b -> 
  custom:container-demuxer-webm: 4f35f7cbe854078d1ac9338744f61a02 -> 
  custom:video-encoder-webm-vp8: eb34c28f22e8b96e1ab97ce403110664 -> 
  custom:framework-osx-AVFoundation: e770b220cccbd017edd2c1fefb359320 -> 
  custom:audio-encoder-webm-vorbis: bf7c407c2cedff20999df2af8eb42d56 -> 
  custom:container-demuxer-ogg: 62fdf1f143b41e24485cea50d1cbac27 -> 
  custom:video-decoder-webm-vp8: 9c59270c3fd7afecdb556c50c9e8de78 -> 
  custom:audio-decoder-ogg-vorbis: bf7c407c2cedff20999df2af8eb42d56 -> 
========================================================================
Received Prepare
Registering precompiled user dll's ...
Registered in 0.001256 seconds.
Begin MonoManager ReloadAssembly
Thread 0x16f90f000 may have been prematurely finalized
Symbol file LoadedFromMemory doesn't match image /Users/derek/Public/GitHub/Unity-Learn-Pathways-JuniorProgrammer-ProgrammingTheoryInAction/Library/PackageCache/com.unity.visualscripting@1.7.7/Editor/VisualScripting.Core/Dependencies/YamlDotNet/Unity.VisualScripting.YamlDotNet.dll
Symbol file LoadedFromMemory is not a mono symbol file
Symbol file LoadedFromMemory doesn't match image /Users/derek/Public/GitHub/Unity-Learn-Pathways-JuniorProgrammer-ProgrammingTheoryInAction/Library/PackageCache/com.unity.visualscripting@1.7.7/Editor/VisualScripting.Core/Dependencies/DotNetZip/Unity.VisualScripting.IonicZip.dll
Native extension for OSXStandalone target not found
Native extension for WebGL target not found
Refreshing native plugins compatible for Editor in 0.35 ms, found 2 plugins.
Preloading 0 native plugins for Editor in 0.00 ms.
Mono: successfully reloaded assembly
- Completed reload, in  0.518 seconds
Domain Reload Profiling:
	ReloadAssembly (518ms)
		BeginReloadAssembly (59ms)
			ExecutionOrderSort (0ms)
			DisableScriptedObjects (3ms)
			BackupInstance (0ms)
			ReleaseScriptingObjects (0ms)
			CreateAndSetChildDomain (19ms)
		EndReloadAssembly (401ms)
			LoadAssemblies (26ms)
			RebuildTransferFunctionScriptingTraits (0ms)
			SetupTypeCache (132ms)
			ReleaseScriptCaches (1ms)
			RebuildScriptCaches (25ms)
			SetupLoadedEditorAssemblies (183ms)
				LogAssemblyErrors (0ms)
				InitializePlatformSupportModulesInManaged (5ms)
				SetLoadedEditorAssemblies (0ms)
				RefreshPlugins (0ms)
				BeforeProcessingInitializeOnLoad (33ms)
				ProcessInitializeOnLoadAttributes (132ms)
				ProcessInitializeOnLoadMethodAttributes (12ms)
				AfterProcessingInitializeOnLoad (1ms)
				EditorAssembliesLoaded (0ms)
			ExecutionOrderSort2 (0ms)
			AwakeInstancesAfterBackupRestoration (2ms)
Platform modules already initialized, skipping
Refreshing native plugins compatible for Editor in 0.22 ms, found 2 plugins.
Preloading 0 native plugins for Editor in 0.00 ms.
Unloading 3517 Unused Serialized files (Serialized files now loaded: 0)
Unloading 18 unused Assets / (22.0 KB). Loaded Objects now: 3992.
Memory consumption went from 284.7 MB to 284.7 MB.
Total: 2.129791 ms (FindLiveObjects: 0.131750 ms CreateObjectMapping: 0.041625 ms MarkObjects: 1.936625 ms  DeleteObjects: 0.019041 ms)

AssetImportParameters requested are different than current active one (requested -> active):
  custom:video-decoder-ogg-theora: a1e56fd34408186e4bbccfd4996cb3dc -> 
  custom:container-muxer-webm: aa71ff27fc2769a1b78a27578f13a17b -> 
  custom:container-demuxer-webm: 4f35f7cbe854078d1ac9338744f61a02 -> 
  custom:video-encoder-webm-vp8: eb34c28f22e8b96e1ab97ce403110664 -> 
  custom:framework-osx-AVFoundation: e770b220cccbd017edd2c1fefb359320 -> 
  custom:audio-encoder-webm-vorbis: bf7c407c2cedff20999df2af8eb42d56 -> 
  custom:container-demuxer-ogg: 62fdf1f143b41e24485cea50d1cbac27 -> 
  custom:video-decoder-webm-vp8: 9c59270c3fd7afecdb556c50c9e8de78 -> 
  custom:audio-decoder-ogg-vorbis: bf7c407c2cedff20999df2af8eb42d56 -> 
========================================================================
Received Import Request.
  Time since last request: 168800.200076 seconds.
  path: Assets/Scenes/Title.unity
  artifactKey: Guid(9fc0d4010bbf28b4594072e72b8655ab) Importer(815301076,1909f56bfc062723c751e8b465ee728b)
Start importing Assets/Scenes/Title.unity using Guid(9fc0d4010bbf28b4594072e72b8655ab) Importer(815301076,1909f56bfc062723c751e8b465ee728b)  -> (artifact id: 'ab9911e56f55f334aa429b55567284b5') in 0.014472 seconds 
========================================================================
Received Import Request.
  Time since last request: 6317.253813 seconds.
  path: Assets/Scripts/UI/Panels
  artifactKey: Guid(47414a32d15374e30b55778ff15ae285) Importer(815301076,1909f56bfc062723c751e8b465ee728b)
Start importing Assets/Scripts/UI/Panels using Guid(47414a32d15374e30b55778ff15ae285) Importer(815301076,1909f56bfc062723c751e8b465ee728b)  -> (artifact id: '6bed70dd9f420cae3e7a3a415c384405') in 0.001473 seconds 
========================================================================
Received Import Request.
  Time since last request: 840.513085 seconds.
  path: Assets/Scenes/Main.unity
  artifactKey: Guid(3f3cb410d23fc48bd989c24966fce071) Importer(815301076,1909f56bfc062723c751e8b465ee728b)
Start importing Assets/Scenes/Main.unity using Guid(3f3cb410d23fc48bd989c24966fce071) Importer(815301076,1909f56bfc062723c751e8b465ee728b)  -> (artifact id: 'c6223f8261b9f1323f52cc8319db02f1') in 0.001091 seconds 
========================================================================
Received Import Request.
  Time since last request: 350.706263 seconds.
  path: Assets/Scenes/Message.unity
  artifactKey: Guid(c14bb35e0dc28446a99d9fc19f2c7d2d) Importer(815301076,1909f56bfc062723c751e8b465ee728b)
Start importing Assets/Scenes/Message.unity using Guid(c14bb35e0dc28446a99d9fc19f2c7d2d) Importer(815301076,1909f56bfc062723c751e8b465ee728b)  -> (artifact id: '39437ad90f7f18e0bc57ec1a887fb6bd') in 0.001197 seconds 
========================================================================
Received Import Request.
  Time since last request: 14.202526 seconds.
  path: Assets/Scenes/Main.unity
  artifactKey: Guid(c14bb35e0dc28446a99d9fc19f2c7d2d) Importer(815301076,1909f56bfc062723c751e8b465ee728b)
Start importing Assets/Scenes/Main.unity using Guid(c14bb35e0dc28446a99d9fc19f2c7d2d) Importer(815301076,1909f56bfc062723c751e8b465ee728b)  -> (artifact id: 'b57b2b6a23057264e76fb588510372bc') in 0.000747 seconds 
========================================================================
Received Import Request.
  Time since last request: 346983.179491 seconds.
  path: Assets/Prefabs
  artifactKey: Guid(a4636a9fcd31c4e71b57282c73821c02) Importer(815301076,1909f56bfc062723c751e8b465ee728b)
Start importing Assets/Prefabs using Guid(a4636a9fcd31c4e71b57282c73821c02) Importer(815301076,1909f56bfc062723c751e8b465ee728b)  -> (artifact id: 'f69ee96990e26d9e0c7c6d605c6a300f') in 0.001656 seconds 
========================================================================
Received Import Request.
  Time since last request: 14.750926 seconds.
  path: Assets/Prefabs/UI
  artifactKey: Guid(ebdac7cf3e5804f4c9a6871ebdf260ea) Importer(815301076,1909f56bfc062723c751e8b465ee728b)
Start importing Assets/Prefabs/UI using Guid(ebdac7cf3e5804f4c9a6871ebdf260ea) Importer(815301076,1909f56bfc062723c751e8b465ee728b)  -> (artifact id: '37235b05d222a1ea00d1c23404d5f853') in 0.000818 seconds 
========================================================================
Received Import Request.
  Time since last request: 62.676374 seconds.
  path: Assets/Animations/PanelBusyClosing.anim
  artifactKey: Guid(3794333db6b3e4ea1ad8d3f82e903e67) Importer(815301076,1909f56bfc062723c751e8b465ee728b)
Start importing Assets/Animations/PanelBusyClosing.anim using Guid(3794333db6b3e4ea1ad8d3f82e903e67) Importer(815301076,1909f56bfc062723c751e8b465ee728b)  -> (artifact id: '98dc5584b92b2f78692525ecac9637ba') in 0.382045 seconds 
========================================================================
Received Import Request.
  Time since last request: 1.086283 seconds.
  path: Assets/Animations/PanelBusyOpening.anim
  artifactKey: Guid(4c8b446cfc15d49a899bad4e1ea2a6ed) Importer(815301076,1909f56bfc062723c751e8b465ee728b)
Start importing Assets/Animations/PanelBusyOpening.anim using Guid(4c8b446cfc15d49a899bad4e1ea2a6ed) Importer(815301076,1909f56bfc062723c751e8b465ee728b)  -> (artifact id: '745fbdb2493cab280d524c0869aae9fd') in 0.002833 seconds 
========================================================================
Received Import Request.
  Time since last request: 1.238842 seconds.
  path: Assets/Animations/PanelIdleClosed.anim
  artifactKey: Guid(ce6ab9b4ade584076a751e48872826b6) Importer(815301076,1909f56bfc062723c751e8b465ee728b)
Start importing Assets/Animations/PanelIdleClosed.anim using Guid(ce6ab9b4ade584076a751e48872826b6) Importer(815301076,1909f56bfc062723c751e8b465ee728b)  -> (artifact id: '9c0adef2bec36c4155408b574d08e00b') in 0.003592 seconds 
========================================================================
Received Import Request.
  Time since last request: 1.028815 seconds.
  path: Assets/Animations/PanelIdleOpened.anim
  artifactKey: Guid(9784ee6bcc4e948179fa00a0637c610a) Importer(815301076,1909f56bfc062723c751e8b465ee728b)
Start importing Assets/Animations/PanelIdleOpened.anim using Guid(9784ee6bcc4e948179fa00a0637c610a) Importer(815301076,1909f56bfc062723c751e8b465ee728b)  -> (artifact id: 'b05228a9b70cfef56183da6faf583bdd') in 0.002870 seconds 
========================================================================
Received Prepare
Registering precompiled user dll's ...
Registered in 0.001111 seconds.
Begin MonoManager ReloadAssembly
Thread 0x16f90f000 may have been prematurely finalized
Symbol file LoadedFromMemory doesn't match image /Users/derek/Public/GitHub/Unity-Learn-Pathways-JuniorProgrammer-ProgrammingTheoryInAction/Library/PackageCache/com.unity.visualscripting@1.7.7/Editor/VisualScripting.Core/Dependencies/YamlDotNet/Unity.VisualScripting.YamlDotNet.dll
Symbol file LoadedFromMemory is not a mono symbol file
Symbol file LoadedFromMemory doesn't match image /Users/derek/Public/GitHub/Unity-Learn-Pathways-JuniorProgrammer-ProgrammingTheoryInAction/Library/PackageCache/com.unity.visualscripting@1.7.7/Editor/VisualScripting.Core/Dependencies/DotNetZip/Unity.VisualScripting.IonicZip.dll
Native extension for OSXStandalone target not found
Native extension for WebGL target not found
Refreshing native plugins compatible for Editor in 0.30 ms, found 2 plugins.
Preloading 0 native plugins for Editor in 0.00 ms.
Mono: successfully reloaded assembly
- Completed reload, in  0.526 seconds
Domain Reload Profiling:
	ReloadAssembly (528ms)
		BeginReloadAssembly (66ms)
			ExecutionOrderSort (0ms)
			DisableScriptedObjects (3ms)
			BackupInstance (0ms)
			ReleaseScriptingObjects (0ms)
			CreateAndSetChildDomain (23ms)
		EndReloadAssembly (407ms)
			LoadAssemblies (30ms)
			RebuildTransferFunctionScriptingTraits (0ms)
			SetupTypeCache (134ms)
			ReleaseScriptCaches (1ms)
			RebuildScriptCaches (26ms)
			SetupLoadedEditorAssemblies (182ms)
				LogAssemblyErrors (0ms)
				InitializePlatformSupportModulesInManaged (5ms)
				SetLoadedEditorAssemblies (0ms)
				RefreshPlugins (0ms)
				BeforeProcessingInitializeOnLoad (33ms)
				ProcessInitializeOnLoadAttributes (130ms)
				ProcessInitializeOnLoadMethodAttributes (12ms)
				AfterProcessingInitializeOnLoad (2ms)
				EditorAssembliesLoaded (0ms)
			ExecutionOrderSort2 (0ms)
			AwakeInstancesAfterBackupRestoration (2ms)
Platform modules already initialized, skipping
Refreshing native plugins compatible for Editor in 0.28 ms, found 2 plugins.
Preloading 0 native plugins for Editor in 0.00 ms.
Unloading 3517 Unused Serialized files (Serialized files now loaded: 0)
Unloading 18 unused Assets / (21.9 KB). Loaded Objects now: 3995.
Memory consumption went from 290.0 MB to 290.0 MB.
Total: 2.085959 ms (FindLiveObjects: 0.122792 ms CreateObjectMapping: 0.041958 ms MarkObjects: 1.911667 ms  DeleteObjects: 0.009125 ms)

AssetImportParameters requested are different than current active one (requested -> active):
  custom:video-decoder-ogg-theora: a1e56fd34408186e4bbccfd4996cb3dc -> 
  custom:container-muxer-webm: aa71ff27fc2769a1b78a27578f13a17b -> 
  custom:container-demuxer-webm: 4f35f7cbe854078d1ac9338744f61a02 -> 
  custom:video-encoder-webm-vp8: eb34c28f22e8b96e1ab97ce403110664 -> 
  custom:framework-osx-AVFoundation: e770b220cccbd017edd2c1fefb359320 -> 
  custom:audio-encoder-webm-vorbis: bf7c407c2cedff20999df2af8eb42d56 -> 
  custom:container-demuxer-ogg: 62fdf1f143b41e24485cea50d1cbac27 -> 
  custom:video-decoder-webm-vp8: 9c59270c3fd7afecdb556c50c9e8de78 -> 
  custom:audio-decoder-ogg-vorbis: bf7c407c2cedff20999df2af8eb42d56 -> 
========================================================================
Received Import Request.
  Time since last request: 236855.771120 seconds.
  path: Assets/Prefabs/Panel.prefab
  artifactKey: Guid(434793ffa75ae470888620268a394562) Importer(815301076,1909f56bfc062723c751e8b465ee728b)
Start importing Assets/Prefabs/Panel.prefab using Guid(434793ffa75ae470888620268a394562) Importer(815301076,1909f56bfc062723c751e8b465ee728b)  -> (artifact id: '910740966cd581f2f546fc65c6de8dca') in 0.041848 seconds 
========================================================================
Received Prepare
Registering precompiled user dll's ...
Registered in 0.001014 seconds.
Begin MonoManager ReloadAssembly
Thread 0x16f1f3000 may have been prematurely finalized
Symbol file LoadedFromMemory doesn't match image /Users/derek/Public/GitHub/Unity-Learn-Pathways-JuniorProgrammer-ProgrammingTheoryInAction/Library/PackageCache/com.unity.visualscripting@1.7.7/Editor/VisualScripting.Core/Dependencies/YamlDotNet/Unity.VisualScripting.YamlDotNet.dll
Symbol file LoadedFromMemory is not a mono symbol file
Symbol file LoadedFromMemory doesn't match image /Users/derek/Public/GitHub/Unity-Learn-Pathways-JuniorProgrammer-ProgrammingTheoryInAction/Library/PackageCache/com.unity.visualscripting@1.7.7/Editor/VisualScripting.Core/Dependencies/DotNetZip/Unity.VisualScripting.IonicZip.dll
Native extension for OSXStandalone target not found
Native extension for WebGL target not found
Refreshing native plugins compatible for Editor in 0.41 ms, found 2 plugins.
Preloading 0 native plugins for Editor in 0.00 ms.
Mono: successfully reloaded assembly
- Completed reload, in  0.535 seconds
Domain Reload Profiling:
	ReloadAssembly (536ms)
		BeginReloadAssembly (64ms)
			ExecutionOrderSort (0ms)
			DisableScriptedObjects (3ms)
			BackupInstance (0ms)
			ReleaseScriptingObjects (0ms)
			CreateAndSetChildDomain (21ms)
		EndReloadAssembly (415ms)
			LoadAssemblies (30ms)
			RebuildTransferFunctionScriptingTraits (0ms)
			SetupTypeCache (137ms)
			ReleaseScriptCaches (1ms)
			RebuildScriptCaches (27ms)
			SetupLoadedEditorAssemblies (185ms)
				LogAssemblyErrors (0ms)
				InitializePlatformSupportModulesInManaged (5ms)
				SetLoadedEditorAssemblies (0ms)
				RefreshPlugins (0ms)
				BeforeProcessingInitializeOnLoad (34ms)
				ProcessInitializeOnLoadAttributes (132ms)
				ProcessInitializeOnLoadMethodAttributes (12ms)
				AfterProcessingInitializeOnLoad (2ms)
				EditorAssembliesLoaded (0ms)
			ExecutionOrderSort2 (0ms)
			AwakeInstancesAfterBackupRestoration (2ms)
Platform modules already initialized, skipping
Refreshing native plugins compatible for Editor in 0.35 ms, found 2 plugins.
Preloading 0 native plugins for Editor in 0.00 ms.
Unloading 3517 Unused Serialized files (Serialized files now loaded: 0)
Unloading 18 unused Assets / (21.9 KB). Loaded Objects now: 3998.
Memory consumption went from 294.4 MB to 294.4 MB.
Total: 2.225375 ms (FindLiveObjects: 0.116500 ms CreateObjectMapping: 0.043625 ms MarkObjects: 2.051792 ms  DeleteObjects: 0.012959 ms)

AssetImportParameters requested are different than current active one (requested -> active):
  custom:video-decoder-ogg-theora: a1e56fd34408186e4bbccfd4996cb3dc -> 
  custom:container-muxer-webm: aa71ff27fc2769a1b78a27578f13a17b -> 
  custom:container-demuxer-webm: 4f35f7cbe854078d1ac9338744f61a02 -> 
  custom:video-encoder-webm-vp8: eb34c28f22e8b96e1ab97ce403110664 -> 
  custom:framework-osx-AVFoundation: e770b220cccbd017edd2c1fefb359320 -> 
  custom:audio-encoder-webm-vorbis: bf7c407c2cedff20999df2af8eb42d56 -> 
  custom:container-demuxer-ogg: 62fdf1f143b41e24485cea50d1cbac27 -> 
  custom:video-decoder-webm-vp8: 9c59270c3fd7afecdb556c50c9e8de78 -> 
  custom:audio-decoder-ogg-vorbis: bf7c407c2cedff20999df2af8eb42d56 -> 
========================================================================
Received Prepare
Registering precompiled user dll's ...
Registered in 0.001138 seconds.
Begin MonoManager ReloadAssembly
Thread 0x16f1f3000 may have been prematurely finalized
Symbol file LoadedFromMemory doesn't match image /Users/derek/Public/GitHub/Unity-Learn-Pathways-JuniorProgrammer-ProgrammingTheoryInAction/Library/PackageCache/com.unity.visualscripting@1.7.7/Editor/VisualScripting.Core/Dependencies/YamlDotNet/Unity.VisualScripting.YamlDotNet.dll
Symbol file LoadedFromMemory is not a mono symbol file
Symbol file LoadedFromMemory doesn't match image /Users/derek/Public/GitHub/Unity-Learn-Pathways-JuniorProgrammer-ProgrammingTheoryInAction/Library/PackageCache/com.unity.visualscripting@1.7.7/Editor/VisualScripting.Core/Dependencies/DotNetZip/Unity.VisualScripting.IonicZip.dll
Native extension for OSXStandalone target not found
Native extension for WebGL target not found
Refreshing native plugins compatible for Editor in 0.31 ms, found 2 plugins.
Preloading 0 native plugins for Editor in 0.00 ms.
Mono: successfully reloaded assembly
- Completed reload, in  0.535 seconds
Domain Reload Profiling:
	ReloadAssembly (536ms)
		BeginReloadAssembly (63ms)
			ExecutionOrderSort (0ms)
			DisableScriptedObjects (3ms)
			BackupInstance (0ms)
			ReleaseScriptingObjects (0ms)
			CreateAndSetChildDomain (20ms)
		EndReloadAssembly (415ms)
			LoadAssemblies (29ms)
			RebuildTransferFunctionScriptingTraits (0ms)
			SetupTypeCache (140ms)
			ReleaseScriptCaches (1ms)
			RebuildScriptCaches (28ms)
			SetupLoadedEditorAssemblies (184ms)
				LogAssemblyErrors (0ms)
				InitializePlatformSupportModulesInManaged (5ms)
				SetLoadedEditorAssemblies (0ms)
				RefreshPlugins (0ms)
				BeforeProcessingInitializeOnLoad (33ms)
				ProcessInitializeOnLoadAttributes (133ms)
				ProcessInitializeOnLoadMethodAttributes (12ms)
				AfterProcessingInitializeOnLoad (1ms)
				EditorAssembliesLoaded (0ms)
			ExecutionOrderSort2 (0ms)
			AwakeInstancesAfterBackupRestoration (2ms)
Platform modules already initialized, skipping
Refreshing native plugins compatible for Editor in 0.25 ms, found 2 plugins.
Preloading 0 native plugins for Editor in 0.00 ms.
Unloading 3517 Unused Serialized files (Serialized files now loaded: 0)
Unloading 18 unused Assets / (21.9 KB). Loaded Objects now: 4001.
Memory consumption went from 294.6 MB to 294.6 MB.
Total: 2.133667 ms (FindLiveObjects: 0.118416 ms CreateObjectMapping: 0.046000 ms MarkObjects: 1.957000 ms  DeleteObjects: 0.011709 ms)

AssetImportParameters requested are different than current active one (requested -> active):
  custom:video-decoder-ogg-theora: a1e56fd34408186e4bbccfd4996cb3dc -> 
  custom:container-muxer-webm: aa71ff27fc2769a1b78a27578f13a17b -> 
  custom:container-demuxer-webm: 4f35f7cbe854078d1ac9338744f61a02 -> 
  custom:video-encoder-webm-vp8: eb34c28f22e8b96e1ab97ce403110664 -> 
  custom:framework-osx-AVFoundation: e770b220cccbd017edd2c1fefb359320 -> 
  custom:audio-encoder-webm-vorbis: bf7c407c2cedff20999df2af8eb42d56 -> 
  custom:container-demuxer-ogg: 62fdf1f143b41e24485cea50d1cbac27 -> 
  custom:video-decoder-webm-vp8: 9c59270c3fd7afecdb556c50c9e8de78 -> 
  custom:audio-decoder-ogg-vorbis: bf7c407c2cedff20999df2af8eb42d56 -> 
========================================================================
Received Prepare
Registering precompiled user dll's ...
Registered in 0.001133 seconds.
Begin MonoManager ReloadAssembly
Thread 0x16f1f3000 may have been prematurely finalized
Symbol file LoadedFromMemory doesn't match image /Users/derek/Public/GitHub/Unity-Learn-Pathways-JuniorProgrammer-ProgrammingTheoryInAction/Library/PackageCache/com.unity.visualscripting@1.7.7/Editor/VisualScripting.Core/Dependencies/YamlDotNet/Unity.VisualScripting.YamlDotNet.dll
Symbol file LoadedFromMemory is not a mono symbol file
Symbol file LoadedFromMemory doesn't match image /Users/derek/Public/GitHub/Unity-Learn-Pathways-JuniorProgrammer-ProgrammingTheoryInAction/Library/PackageCache/com.unity.visualscripting@1.7.7/Editor/VisualScripting.Core/Dependencies/DotNetZip/Unity.VisualScripting.IonicZip.dll
Native extension for OSXStandalone target not found
Native extension for WebGL target not found
Refreshing native plugins compatible for Editor in 0.36 ms, found 2 plugins.
Preloading 0 native plugins for Editor in 0.00 ms.
Mono: successfully reloaded assembly
- Completed reload, in  0.536 seconds
Domain Reload Profiling:
	ReloadAssembly (537ms)
		BeginReloadAssembly (64ms)
			ExecutionOrderSort (0ms)
			DisableScriptedObjects (3ms)
			BackupInstance (0ms)
			ReleaseScriptingObjects (0ms)
			CreateAndSetChildDomain (20ms)
		EndReloadAssembly (415ms)
			LoadAssemblies (30ms)
			RebuildTransferFunctionScriptingTraits (0ms)
			SetupTypeCache (140ms)
			ReleaseScriptCaches (1ms)
			RebuildScriptCaches (27ms)
			SetupLoadedEditorAssemblies (185ms)
				LogAssemblyErrors (0ms)
				InitializePlatformSupportModulesInManaged (5ms)
				SetLoadedEditorAssemblies (0ms)
				RefreshPlugins (0ms)
				BeforeProcessingInitializeOnLoad (34ms)
				ProcessInitializeOnLoadAttributes (132ms)
				ProcessInitializeOnLoadMethodAttributes (12ms)
				AfterProcessingInitializeOnLoad (1ms)
				EditorAssembliesLoaded (0ms)
			ExecutionOrderSort2 (0ms)
			AwakeInstancesAfterBackupRestoration (2ms)
Platform modules already initialized, skipping
Refreshing native plugins compatible for Editor in 0.25 ms, found 2 plugins.
Preloading 0 native plugins for Editor in 0.00 ms.
Unloading 3517 Unused Serialized files (Serialized files now loaded: 0)
Unloading 18 unused Assets / (22.0 KB). Loaded Objects now: 4004.
Memory consumption went from 294.8 MB to 294.8 MB.
Total: 2.013500 ms (FindLiveObjects: 0.114834 ms CreateObjectMapping: 0.039625 ms MarkObjects: 1.846209 ms  DeleteObjects: 0.012000 ms)

AssetImportParameters requested are different than current active one (requested -> active):
  custom:video-decoder-ogg-theora: a1e56fd34408186e4bbccfd4996cb3dc -> 
  custom:container-muxer-webm: aa71ff27fc2769a1b78a27578f13a17b -> 
  custom:container-demuxer-webm: 4f35f7cbe854078d1ac9338744f61a02 -> 
  custom:video-encoder-webm-vp8: eb34c28f22e8b96e1ab97ce403110664 -> 
  custom:framework-osx-AVFoundation: e770b220cccbd017edd2c1fefb359320 -> 
  custom:audio-encoder-webm-vorbis: bf7c407c2cedff20999df2af8eb42d56 -> 
  custom:container-demuxer-ogg: 62fdf1f143b41e24485cea50d1cbac27 -> 
  custom:video-decoder-webm-vp8: 9c59270c3fd7afecdb556c50c9e8de78 -> 
  custom:audio-decoder-ogg-vorbis: bf7c407c2cedff20999df2af8eb42d56 -> 
========================================================================
Received Prepare
Registering precompiled user dll's ...
Registered in 0.001242 seconds.
Begin MonoManager ReloadAssembly
Thread 0x16f1f3000 may have been prematurely finalized
Symbol file LoadedFromMemory doesn't match image /Users/derek/Public/GitHub/Unity-Learn-Pathways-JuniorProgrammer-ProgrammingTheoryInAction/Library/PackageCache/com.unity.visualscripting@1.7.7/Editor/VisualScripting.Core/Dependencies/YamlDotNet/Unity.VisualScripting.YamlDotNet.dll
Symbol file LoadedFromMemory is not a mono symbol file
Symbol file LoadedFromMemory doesn't match image /Users/derek/Public/GitHub/Unity-Learn-Pathways-JuniorProgrammer-ProgrammingTheoryInAction/Library/PackageCache/com.unity.visualscripting@1.7.7/Editor/VisualScripting.Core/Dependencies/DotNetZip/Unity.VisualScripting.IonicZip.dll
Native extension for OSXStandalone target not found
Native extension for WebGL target not found
Refreshing native plugins compatible for Editor in 0.36 ms, found 2 plugins.
Preloading 0 native plugins for Editor in 0.00 ms.
Mono: successfully reloaded assembly
- Completed reload, in  0.535 seconds
Domain Reload Profiling:
	ReloadAssembly (535ms)
		BeginReloadAssembly (64ms)
			ExecutionOrderSort (0ms)
			DisableScriptedObjects (3ms)
			BackupInstance (0ms)
			ReleaseScriptingObjects (0ms)
			CreateAndSetChildDomain (21ms)
		EndReloadAssembly (414ms)
			LoadAssemblies (29ms)
			RebuildTransferFunctionScriptingTraits (0ms)
			SetupTypeCache (140ms)
			ReleaseScriptCaches (1ms)
			RebuildScriptCaches (27ms)
			SetupLoadedEditorAssemblies (184ms)
				LogAssemblyErrors (0ms)
				InitializePlatformSupportModulesInManaged (5ms)
				SetLoadedEditorAssemblies (0ms)
				RefreshPlugins (0ms)
				BeforeProcessingInitializeOnLoad (33ms)
				ProcessInitializeOnLoadAttributes (132ms)
				ProcessInitializeOnLoadMethodAttributes (13ms)
				AfterProcessingInitializeOnLoad (1ms)
				EditorAssembliesLoaded (0ms)
			ExecutionOrderSort2 (0ms)
			AwakeInstancesAfterBackupRestoration (2ms)
Platform modules already initialized, skipping
Refreshing native plugins compatible for Editor in 0.26 ms, found 2 plugins.
Preloading 0 native plugins for Editor in 0.00 ms.
Unloading 3517 Unused Serialized files (Serialized files now loaded: 0)
Unloading 18 unused Assets / (21.9 KB). Loaded Objects now: 4007.
Memory consumption went from 295.0 MB to 295.0 MB.
Total: 2.137875 ms (FindLiveObjects: 0.132292 ms CreateObjectMapping: 0.044542 ms MarkObjects: 1.949708 ms  DeleteObjects: 0.010625 ms)

AssetImportParameters requested are different than current active one (requested -> active):
  custom:video-decoder-ogg-theora: a1e56fd34408186e4bbccfd4996cb3dc -> 
  custom:container-muxer-webm: aa71ff27fc2769a1b78a27578f13a17b -> 
  custom:container-demuxer-webm: 4f35f7cbe854078d1ac9338744f61a02 -> 
  custom:video-encoder-webm-vp8: eb34c28f22e8b96e1ab97ce403110664 -> 
  custom:framework-osx-AVFoundation: e770b220cccbd017edd2c1fefb359320 -> 
  custom:audio-encoder-webm-vorbis: bf7c407c2cedff20999df2af8eb42d56 -> 
  custom:container-demuxer-ogg: 62fdf1f143b41e24485cea50d1cbac27 -> 
  custom:video-decoder-webm-vp8: 9c59270c3fd7afecdb556c50c9e8de78 -> 
  custom:audio-decoder-ogg-vorbis: bf7c407c2cedff20999df2af8eb42d56 -> 
========================================================================
Received Import Request.
  Time since last request: 99332.953414 seconds.
  path: Assets/Sprites/Panel.png
  artifactKey: Guid(610776cabc8d94407a6508718ba2d662) Importer(815301076,1909f56bfc062723c751e8b465ee728b)
Start importing Assets/Sprites/Panel.png using Guid(610776cabc8d94407a6508718ba2d662) Importer(815301076,1909f56bfc062723c751e8b465ee728b)  -> (artifact id: '7b26bf8b4933b44a3e79615907cdad64') in 0.325269 seconds 
========================================================================
Received Import Request.
  Time since last request: 30.168553 seconds.
  path: Assets/Sprites/Panel.png
  artifactKey: Guid(610776cabc8d94407a6508718ba2d662) Importer(815301076,1909f56bfc062723c751e8b465ee728b)
Start importing Assets/Sprites/Panel.png using Guid(610776cabc8d94407a6508718ba2d662) Importer(815301076,1909f56bfc062723c751e8b465ee728b)  -> (artifact id: '6953099b5158dddabe6cfa131443e880') in 0.032138 seconds 
========================================================================
Received Import Request.
  Time since last request: 19.328702 seconds.
  path: Assets/Sprites/Panel.png
  artifactKey: Guid(610776cabc8d94407a6508718ba2d662) Importer(815301076,1909f56bfc062723c751e8b465ee728b)
Start importing Assets/Sprites/Panel.png using Guid(610776cabc8d94407a6508718ba2d662) Importer(815301076,1909f56bfc062723c751e8b465ee728b)  -> (artifact id: '489e35c2e42caf22b013814d1aaf06bf') in 0.009371 seconds 
========================================================================
Received Import Request.
  Time since last request: 94.928488 seconds.
  path: Assets/Prefabs/Panel.prefab
  artifactKey: Guid(434793ffa75ae470888620268a394562) Importer(815301076,1909f56bfc062723c751e8b465ee728b)
Start importing Assets/Prefabs/Panel.prefab using Guid(434793ffa75ae470888620268a394562) Importer(815301076,1909f56bfc062723c751e8b465ee728b)  -> (artifact id: '5d0c4c359957d93fea2c07b94e22b0fd') in 0.007996 seconds 
========================================================================
Received Import Request.
  Time since last request: 22.357615 seconds.
  path: Assets/Prefabs/Panel.prefab
  artifactKey: Guid(434793ffa75ae470888620268a394562) Importer(815301076,1909f56bfc062723c751e8b465ee728b)
Start importing Assets/Prefabs/Panel.prefab using Guid(434793ffa75ae470888620268a394562) Importer(815301076,1909f56bfc062723c751e8b465ee728b)  -> (artifact id: '31eafaed049c829d89c4632a09e29bfc') in 0.002180 seconds 
========================================================================
Received Import Request.
  Time since last request: 1.795376 seconds.
  path: Assets/Prefabs/Panel.prefab
  artifactKey: Guid(434793ffa75ae470888620268a394562) Importer(815301076,1909f56bfc062723c751e8b465ee728b)
Start importing Assets/Prefabs/Panel.prefab using Guid(434793ffa75ae470888620268a394562) Importer(815301076,1909f56bfc062723c751e8b465ee728b)  -> (artifact id: 'd44e66cf3c58bdf1768a4098fe05e4ad') in 0.002410 seconds 
========================================================================
Received Import Request.
  Time since last request: 14.419150 seconds.
  path: Assets/Prefabs/Panel.prefab
  artifactKey: Guid(434793ffa75ae470888620268a394562) Importer(815301076,1909f56bfc062723c751e8b465ee728b)
Start importing Assets/Prefabs/Panel.prefab using Guid(434793ffa75ae470888620268a394562) Importer(815301076,1909f56bfc062723c751e8b465ee728b)  -> (artifact id: 'a55b9dc1d295302f7e2df36ab6ea9a04') in 0.002769 seconds 
========================================================================
Received Import Request.
  Time since last request: 41.206717 seconds.
  path: Assets/Prefabs/Panel.prefab
  artifactKey: Guid(434793ffa75ae470888620268a394562) Importer(815301076,1909f56bfc062723c751e8b465ee728b)
Start importing Assets/Prefabs/Panel.prefab using Guid(434793ffa75ae470888620268a394562) Importer(815301076,1909f56bfc062723c751e8b465ee728b)  -> (artifact id: '5bf82f9768a0ae246a581405b75cb216') in 0.002458 seconds 
========================================================================
Received Import Request.
  Time since last request: 690.075174 seconds.
  path: Assets/Scenes/Title.unity
  artifactKey: Guid(9fc0d4010bbf28b4594072e72b8655ab) Importer(815301076,1909f56bfc062723c751e8b465ee728b)
Start importing Assets/Scenes/Title.unity using Guid(9fc0d4010bbf28b4594072e72b8655ab) Importer(815301076,1909f56bfc062723c751e8b465ee728b)  -> (artifact id: '5cc455c874dad253b000edc56a13dc8c') in 0.001481 seconds 
========================================================================
Received Prepare
Registering precompiled user dll's ...
Registered in 0.001111 seconds.
Begin MonoManager ReloadAssembly
Thread 0x16f1f3000 may have been prematurely finalized
Symbol file LoadedFromMemory doesn't match image /Users/derek/Public/GitHub/Unity-Learn-Pathways-JuniorProgrammer-ProgrammingTheoryInAction/Library/PackageCache/com.unity.visualscripting@1.7.7/Editor/VisualScripting.Core/Dependencies/YamlDotNet/Unity.VisualScripting.YamlDotNet.dll
Symbol file LoadedFromMemory is not a mono symbol file
Symbol file LoadedFromMemory doesn't match image /Users/derek/Public/GitHub/Unity-Learn-Pathways-JuniorProgrammer-ProgrammingTheoryInAction/Library/PackageCache/com.unity.visualscripting@1.7.7/Editor/VisualScripting.Core/Dependencies/DotNetZip/Unity.VisualScripting.IonicZip.dll
Native extension for OSXStandalone target not found
Native extension for WebGL target not found
Refreshing native plugins compatible for Editor in 0.37 ms, found 2 plugins.
Preloading 0 native plugins for Editor in 0.00 ms.
Mono: successfully reloaded assembly
- Completed reload, in  0.522 seconds
Domain Reload Profiling:
	ReloadAssembly (522ms)
		BeginReloadAssembly (63ms)
			ExecutionOrderSort (0ms)
			DisableScriptedObjects (3ms)
			BackupInstance (0ms)
			ReleaseScriptingObjects (0ms)
			CreateAndSetChildDomain (21ms)
		EndReloadAssembly (404ms)
			LoadAssemblies (28ms)
			RebuildTransferFunctionScriptingTraits (0ms)
			SetupTypeCache (132ms)
			ReleaseScriptCaches (1ms)
			RebuildScriptCaches (26ms)
			SetupLoadedEditorAssemblies (179ms)
				LogAssemblyErrors (0ms)
				InitializePlatformSupportModulesInManaged (5ms)
				SetLoadedEditorAssemblies (0ms)
				RefreshPlugins (0ms)
				BeforeProcessingInitializeOnLoad (33ms)
				ProcessInitializeOnLoadAttributes (128ms)
				ProcessInitializeOnLoadMethodAttributes (12ms)
				AfterProcessingInitializeOnLoad (1ms)
				EditorAssembliesLoaded (0ms)
			ExecutionOrderSort2 (0ms)
			AwakeInstancesAfterBackupRestoration (5ms)
Platform modules already initialized, skipping
Refreshing native plugins compatible for Editor in 0.26 ms, found 2 plugins.
Preloading 0 native plugins for Editor in 0.00 ms.
Unloading 3516 Unused Serialized files (Serialized files now loaded: 0)
Unloading 20 unused Assets / (22.0 KB). Loaded Objects now: 4057.
Memory consumption went from 305.4 MB to 305.4 MB.
Total: 2.140375 ms (FindLiveObjects: 0.127209 ms CreateObjectMapping: 0.044542 ms MarkObjects: 1.957208 ms  DeleteObjects: 0.010709 ms)

AssetImportParameters requested are different than current active one (requested -> active):
  custom:video-decoder-ogg-theora: a1e56fd34408186e4bbccfd4996cb3dc -> 
  custom:container-muxer-webm: aa71ff27fc2769a1b78a27578f13a17b -> 
  custom:container-demuxer-webm: 4f35f7cbe854078d1ac9338744f61a02 -> 
  custom:video-encoder-webm-vp8: eb34c28f22e8b96e1ab97ce403110664 -> 
  custom:framework-osx-AVFoundation: e770b220cccbd017edd2c1fefb359320 -> 
  custom:audio-encoder-webm-vorbis: bf7c407c2cedff20999df2af8eb42d56 -> 
  custom:container-demuxer-ogg: 62fdf1f143b41e24485cea50d1cbac27 -> 
  custom:video-decoder-webm-vp8: 9c59270c3fd7afecdb556c50c9e8de78 -> 
  custom:audio-decoder-ogg-vorbis: bf7c407c2cedff20999df2af8eb42d56 -> 
========================================================================
Received Prepare
Registering precompiled user dll's ...
Registered in 0.001232 seconds.
Begin MonoManager ReloadAssembly
Thread 0x16f1f3000 may have been prematurely finalized
Symbol file LoadedFromMemory doesn't match image /Users/derek/Public/GitHub/Unity-Learn-Pathways-JuniorProgrammer-ProgrammingTheoryInAction/Library/PackageCache/com.unity.visualscripting@1.7.7/Editor/VisualScripting.Core/Dependencies/YamlDotNet/Unity.VisualScripting.YamlDotNet.dll
Symbol file LoadedFromMemory is not a mono symbol file
Symbol file LoadedFromMemory doesn't match image /Users/derek/Public/GitHub/Unity-Learn-Pathways-JuniorProgrammer-ProgrammingTheoryInAction/Library/PackageCache/com.unity.visualscripting@1.7.7/Editor/VisualScripting.Core/Dependencies/DotNetZip/Unity.VisualScripting.IonicZip.dll
Native extension for OSXStandalone target not found
Native extension for WebGL target not found
Refreshing native plugins compatible for Editor in 0.32 ms, found 2 plugins.
Preloading 0 native plugins for Editor in 0.00 ms.
Mono: successfully reloaded assembly
- Completed reload, in  0.534 seconds
Domain Reload Profiling:
	ReloadAssembly (535ms)
		BeginReloadAssembly (63ms)
			ExecutionOrderSort (0ms)
			DisableScriptedObjects (3ms)
			BackupInstance (0ms)
			ReleaseScriptingObjects (0ms)
			CreateAndSetChildDomain (21ms)
		EndReloadAssembly (412ms)
			LoadAssemblies (31ms)
			RebuildTransferFunctionScriptingTraits (0ms)
			SetupTypeCache (137ms)
			ReleaseScriptCaches (1ms)
			RebuildScriptCaches (26ms)
			SetupLoadedEditorAssemblies (183ms)
				LogAssemblyErrors (0ms)
				InitializePlatformSupportModulesInManaged (5ms)
				SetLoadedEditorAssemblies (0ms)
				RefreshPlugins (0ms)
				BeforeProcessingInitializeOnLoad (34ms)
				ProcessInitializeOnLoadAttributes (131ms)
				ProcessInitializeOnLoadMethodAttributes (12ms)
				AfterProcessingInitializeOnLoad (1ms)
				EditorAssembliesLoaded (0ms)
			ExecutionOrderSort2 (0ms)
			AwakeInstancesAfterBackupRestoration (5ms)
Platform modules already initialized, skipping
Refreshing native plugins compatible for Editor in 0.28 ms, found 2 plugins.
Preloading 0 native plugins for Editor in 0.00 ms.
Unloading 3515 Unused Serialized files (Serialized files now loaded: 0)
Unloading 18 unused Assets / (21.9 KB). Loaded Objects now: 4060.
Memory consumption went from 305.6 MB to 305.5 MB.
Total: 2.120667 ms (FindLiveObjects: 0.123000 ms CreateObjectMapping: 0.044333 ms MarkObjects: 1.939750 ms  DeleteObjects: 0.013042 ms)

AssetImportParameters requested are different than current active one (requested -> active):
  custom:video-decoder-ogg-theora: a1e56fd34408186e4bbccfd4996cb3dc -> 
  custom:container-muxer-webm: aa71ff27fc2769a1b78a27578f13a17b -> 
  custom:container-demuxer-webm: 4f35f7cbe854078d1ac9338744f61a02 -> 
  custom:video-encoder-webm-vp8: eb34c28f22e8b96e1ab97ce403110664 -> 
  custom:framework-osx-AVFoundation: e770b220cccbd017edd2c1fefb359320 -> 
  custom:audio-encoder-webm-vorbis: bf7c407c2cedff20999df2af8eb42d56 -> 
  custom:container-demuxer-ogg: 62fdf1f143b41e24485cea50d1cbac27 -> 
  custom:video-decoder-webm-vp8: 9c59270c3fd7afecdb556c50c9e8de78 -> 
  custom:audio-decoder-ogg-vorbis: bf7c407c2cedff20999df2af8eb42d56 -> 
========================================================================
Received Import Request.
  Time since last request: 719.080308 seconds.
  path: Assets/Scripts/PanelImage.cs
  artifactKey: Guid(016bfc51837694fb3bfa3ac11ff16600) Importer(815301076,1909f56bfc062723c751e8b465ee728b)
Start importing Assets/Scripts/PanelImage.cs using Guid(016bfc51837694fb3bfa3ac11ff16600) Importer(815301076,1909f56bfc062723c751e8b465ee728b)  -> (artifact id: '7a47b6d204abe945ac34ff551424a3bc') in 0.902806 seconds 
========================================================================
Received Prepare
Registering precompiled user dll's ...
Registered in 0.001055 seconds.
Begin MonoManager ReloadAssembly
Thread 0x16f1f3000 may have been prematurely finalized
Symbol file LoadedFromMemory doesn't match image /Users/derek/Public/GitHub/Unity-Learn-Pathways-JuniorProgrammer-ProgrammingTheoryInAction/Library/PackageCache/com.unity.visualscripting@1.7.7/Editor/VisualScripting.Core/Dependencies/YamlDotNet/Unity.VisualScripting.YamlDotNet.dll
Symbol file LoadedFromMemory is not a mono symbol file
Symbol file LoadedFromMemory doesn't match image /Users/derek/Public/GitHub/Unity-Learn-Pathways-JuniorProgrammer-ProgrammingTheoryInAction/Library/PackageCache/com.unity.visualscripting@1.7.7/Editor/VisualScripting.Core/Dependencies/DotNetZip/Unity.VisualScripting.IonicZip.dll
Native extension for OSXStandalone target not found
Native extension for WebGL target not found
Refreshing native plugins compatible for Editor in 0.30 ms, found 2 plugins.
Preloading 0 native plugins for Editor in 0.00 ms.
Mono: successfully reloaded assembly
- Completed reload, in  0.530 seconds
Domain Reload Profiling:
	ReloadAssembly (530ms)
		BeginReloadAssembly (63ms)
			ExecutionOrderSort (0ms)
			DisableScriptedObjects (3ms)
			BackupInstance (0ms)
			ReleaseScriptingObjects (0ms)
			CreateAndSetChildDomain (20ms)
		EndReloadAssembly (410ms)
			LoadAssemblies (31ms)
			RebuildTransferFunctionScriptingTraits (0ms)
			SetupTypeCache (140ms)
			ReleaseScriptCaches (1ms)
			RebuildScriptCaches (26ms)
			SetupLoadedEditorAssemblies (177ms)
				LogAssemblyErrors (0ms)
				InitializePlatformSupportModulesInManaged (5ms)
				SetLoadedEditorAssemblies (0ms)
				RefreshPlugins (0ms)
				BeforeProcessingInitializeOnLoad (32ms)
				ProcessInitializeOnLoadAttributes (127ms)
				ProcessInitializeOnLoadMethodAttributes (11ms)
				AfterProcessingInitializeOnLoad (1ms)
				EditorAssembliesLoaded (0ms)
			ExecutionOrderSort2 (0ms)
			AwakeInstancesAfterBackupRestoration (5ms)
Platform modules already initialized, skipping
Refreshing native plugins compatible for Editor in 0.25 ms, found 2 plugins.
Preloading 0 native plugins for Editor in 0.00 ms.
Unloading 3515 Unused Serialized files (Serialized files now loaded: 0)
Unloading 18 unused Assets / (22.0 KB). Loaded Objects now: 4063.
Memory consumption went from 309.9 MB to 309.9 MB.
Total: 2.123709 ms (FindLiveObjects: 0.116042 ms CreateObjectMapping: 0.041042 ms MarkObjects: 1.956416 ms  DeleteObjects: 0.009792 ms)

AssetImportParameters requested are different than current active one (requested -> active):
  custom:video-decoder-ogg-theora: a1e56fd34408186e4bbccfd4996cb3dc -> 
  custom:container-muxer-webm: aa71ff27fc2769a1b78a27578f13a17b -> 
  custom:container-demuxer-webm: 4f35f7cbe854078d1ac9338744f61a02 -> 
  custom:video-encoder-webm-vp8: eb34c28f22e8b96e1ab97ce403110664 -> 
  custom:framework-osx-AVFoundation: e770b220cccbd017edd2c1fefb359320 -> 
  custom:audio-encoder-webm-vorbis: bf7c407c2cedff20999df2af8eb42d56 -> 
  custom:container-demuxer-ogg: 62fdf1f143b41e24485cea50d1cbac27 -> 
  custom:video-decoder-webm-vp8: 9c59270c3fd7afecdb556c50c9e8de78 -> 
  custom:audio-decoder-ogg-vorbis: bf7c407c2cedff20999df2af8eb42d56 -> 
========================================================================
Received Prepare
Registering precompiled user dll's ...
Registered in 0.001410 seconds.
Begin MonoManager ReloadAssembly
Thread 0x16f1f3000 may have been prematurely finalized
Symbol file LoadedFromMemory doesn't match image /Users/derek/Public/GitHub/Unity-Learn-Pathways-JuniorProgrammer-ProgrammingTheoryInAction/Library/PackageCache/com.unity.visualscripting@1.7.7/Editor/VisualScripting.Core/Dependencies/YamlDotNet/Unity.VisualScripting.YamlDotNet.dll
Symbol file LoadedFromMemory is not a mono symbol file
Symbol file LoadedFromMemory doesn't match image /Users/derek/Public/GitHub/Unity-Learn-Pathways-JuniorProgrammer-ProgrammingTheoryInAction/Library/PackageCache/com.unity.visualscripting@1.7.7/Editor/VisualScripting.Core/Dependencies/DotNetZip/Unity.VisualScripting.IonicZip.dll
Native extension for OSXStandalone target not found
Native extension for WebGL target not found
Refreshing native plugins compatible for Editor in 0.38 ms, found 2 plugins.
Preloading 0 native plugins for Editor in 0.00 ms.
Mono: successfully reloaded assembly
- Completed reload, in  0.532 seconds
Domain Reload Profiling:
	ReloadAssembly (533ms)
		BeginReloadAssembly (63ms)
			ExecutionOrderSort (0ms)
			DisableScriptedObjects (3ms)
			BackupInstance (0ms)
			ReleaseScriptingObjects (0ms)
			CreateAndSetChildDomain (21ms)
		EndReloadAssembly (412ms)
			LoadAssemblies (28ms)
			RebuildTransferFunctionScriptingTraits (0ms)
			SetupTypeCache (138ms)
			ReleaseScriptCaches (1ms)
			RebuildScriptCaches (27ms)
			SetupLoadedEditorAssemblies (180ms)
				LogAssemblyErrors (0ms)
				InitializePlatformSupportModulesInManaged (5ms)
				SetLoadedEditorAssemblies (0ms)
				RefreshPlugins (0ms)
				BeforeProcessingInitializeOnLoad (33ms)
				ProcessInitializeOnLoadAttributes (128ms)
				ProcessInitializeOnLoadMethodAttributes (12ms)
				AfterProcessingInitializeOnLoad (1ms)
				EditorAssembliesLoaded (0ms)
			ExecutionOrderSort2 (0ms)
			AwakeInstancesAfterBackupRestoration (5ms)
Platform modules already initialized, skipping
Refreshing native plugins compatible for Editor in 0.26 ms, found 2 plugins.
Preloading 0 native plugins for Editor in 0.00 ms.
Unloading 3514 Unused Serialized files (Serialized files now loaded: 0)
Unloading 19 unused Assets / (21.9 KB). Loaded Objects now: 4065.
Memory consumption went from 310.1 MB to 310.1 MB.
Total: 2.025625 ms (FindLiveObjects: 0.120542 ms CreateObjectMapping: 0.042000 ms MarkObjects: 1.849083 ms  DeleteObjects: 0.013583 ms)

AssetImportParameters requested are different than current active one (requested -> active):
  custom:video-decoder-ogg-theora: a1e56fd34408186e4bbccfd4996cb3dc -> 
  custom:container-muxer-webm: aa71ff27fc2769a1b78a27578f13a17b -> 
  custom:container-demuxer-webm: 4f35f7cbe854078d1ac9338744f61a02 -> 
  custom:video-encoder-webm-vp8: eb34c28f22e8b96e1ab97ce403110664 -> 
  custom:framework-osx-AVFoundation: e770b220cccbd017edd2c1fefb359320 -> 
  custom:audio-encoder-webm-vorbis: bf7c407c2cedff20999df2af8eb42d56 -> 
  custom:container-demuxer-ogg: 62fdf1f143b41e24485cea50d1cbac27 -> 
  custom:video-decoder-webm-vp8: 9c59270c3fd7afecdb556c50c9e8de78 -> 
  custom:audio-decoder-ogg-vorbis: bf7c407c2cedff20999df2af8eb42d56 -> 
========================================================================
Received Prepare
Registering precompiled user dll's ...
Registered in 0.001305 seconds.
Begin MonoManager ReloadAssembly
Thread 0x16f1f3000 may have been prematurely finalized
Symbol file LoadedFromMemory doesn't match image /Users/derek/Public/GitHub/Unity-Learn-Pathways-JuniorProgrammer-ProgrammingTheoryInAction/Library/PackageCache/com.unity.visualscripting@1.7.7/Editor/VisualScripting.Core/Dependencies/YamlDotNet/Unity.VisualScripting.YamlDotNet.dll
Symbol file LoadedFromMemory is not a mono symbol file
Symbol file LoadedFromMemory doesn't match image /Users/derek/Public/GitHub/Unity-Learn-Pathways-JuniorProgrammer-ProgrammingTheoryInAction/Library/PackageCache/com.unity.visualscripting@1.7.7/Editor/VisualScripting.Core/Dependencies/DotNetZip/Unity.VisualScripting.IonicZip.dll
Native extension for OSXStandalone target not found
Native extension for WebGL target not found
Refreshing native plugins compatible for Editor in 0.35 ms, found 2 plugins.
Preloading 0 native plugins for Editor in 0.00 ms.
Mono: successfully reloaded assembly
- Completed reload, in  0.535 seconds
Domain Reload Profiling:
	ReloadAssembly (535ms)
		BeginReloadAssembly (63ms)
			ExecutionOrderSort (0ms)
			DisableScriptedObjects (3ms)
			BackupInstance (0ms)
			ReleaseScriptingObjects (0ms)
			CreateAndSetChildDomain (22ms)
		EndReloadAssembly (415ms)
			LoadAssemblies (27ms)
			RebuildTransferFunctionScriptingTraits (0ms)
			SetupTypeCache (139ms)
			ReleaseScriptCaches (1ms)
			RebuildScriptCaches (27ms)
			SetupLoadedEditorAssemblies (182ms)
				LogAssemblyErrors (0ms)
				InitializePlatformSupportModulesInManaged (5ms)
				SetLoadedEditorAssemblies (0ms)
				RefreshPlugins (0ms)
				BeforeProcessingInitializeOnLoad (34ms)
				ProcessInitializeOnLoadAttributes (130ms)
				ProcessInitializeOnLoadMethodAttributes (11ms)
				AfterProcessingInitializeOnLoad (1ms)
				EditorAssembliesLoaded (0ms)
			ExecutionOrderSort2 (0ms)
			AwakeInstancesAfterBackupRestoration (6ms)
Platform modules already initialized, skipping
Refreshing native plugins compatible for Editor in 0.27 ms, found 2 plugins.
Preloading 0 native plugins for Editor in 0.00 ms.
Unloading 3514 Unused Serialized files (Serialized files now loaded: 0)
Unloading 18 unused Assets / (21.9 KB). Loaded Objects now: 4068.
Memory consumption went from 310.3 MB to 310.3 MB.
Total: 2.015541 ms (FindLiveObjects: 0.110542 ms CreateObjectMapping: 0.039417 ms MarkObjects: 1.855291 ms  DeleteObjects: 0.009875 ms)

AssetImportParameters requested are different than current active one (requested -> active):
  custom:video-decoder-ogg-theora: a1e56fd34408186e4bbccfd4996cb3dc -> 
  custom:container-muxer-webm: aa71ff27fc2769a1b78a27578f13a17b -> 
  custom:container-demuxer-webm: 4f35f7cbe854078d1ac9338744f61a02 -> 
  custom:video-encoder-webm-vp8: eb34c28f22e8b96e1ab97ce403110664 -> 
  custom:framework-osx-AVFoundation: e770b220cccbd017edd2c1fefb359320 -> 
  custom:audio-encoder-webm-vorbis: bf7c407c2cedff20999df2af8eb42d56 -> 
  custom:container-demuxer-ogg: 62fdf1f143b41e24485cea50d1cbac27 -> 
  custom:video-decoder-webm-vp8: 9c59270c3fd7afecdb556c50c9e8de78 -> 
  custom:audio-decoder-ogg-vorbis: bf7c407c2cedff20999df2af8eb42d56 -> 
========================================================================
Received Import Request.
  Time since last request: 13278.976006 seconds.
  path: Assets/Scripts/PanelBusyState.cs
  artifactKey: Guid(cca1b2895d8ce4098885f945898da82d) Importer(815301076,1909f56bfc062723c751e8b465ee728b)
Start importing Assets/Scripts/PanelBusyState.cs using Guid(cca1b2895d8ce4098885f945898da82d) Importer(815301076,1909f56bfc062723c751e8b465ee728b)  -> (artifact id: 'a28277d8e4098dda5056f601c840ef5c') in 0.006485 seconds 
========================================================================
Received Import Request.
  Time since last request: 2.445402 seconds.
  path: Assets/Scripts/PanelIdleState.cs
  artifactKey: Guid(b2273e3c682284abb80887bb389df019) Importer(815301076,1909f56bfc062723c751e8b465ee728b)
Start importing Assets/Scripts/PanelIdleState.cs using Guid(b2273e3c682284abb80887bb389df019) Importer(815301076,1909f56bfc062723c751e8b465ee728b)  -> (artifact id: 'c1f23d7a5e073d3f39e30caeaabd8be6') in 0.001987 seconds 
========================================================================
Received Prepare
Registering precompiled user dll's ...
Registered in 0.001348 seconds.
Begin MonoManager ReloadAssembly
Thread 0x16f1f3000 may have been prematurely finalized
Symbol file LoadedFromMemory doesn't match image /Users/derek/Public/GitHub/Unity-Learn-Pathways-JuniorProgrammer-ProgrammingTheoryInAction/Library/PackageCache/com.unity.visualscripting@1.7.7/Editor/VisualScripting.Core/Dependencies/YamlDotNet/Unity.VisualScripting.YamlDotNet.dll
Symbol file LoadedFromMemory is not a mono symbol file
Symbol file LoadedFromMemory doesn't match image /Users/derek/Public/GitHub/Unity-Learn-Pathways-JuniorProgrammer-ProgrammingTheoryInAction/Library/PackageCache/com.unity.visualscripting@1.7.7/Editor/VisualScripting.Core/Dependencies/DotNetZip/Unity.VisualScripting.IonicZip.dll
Native extension for OSXStandalone target not found
Native extension for WebGL target not found
Refreshing native plugins compatible for Editor in 0.38 ms, found 2 plugins.
Preloading 0 native plugins for Editor in 0.00 ms.
Mono: successfully reloaded assembly
- Completed reload, in  0.531 seconds
Domain Reload Profiling:
	ReloadAssembly (531ms)
		BeginReloadAssembly (64ms)
			ExecutionOrderSort (0ms)
			DisableScriptedObjects (3ms)
			BackupInstance (0ms)
			ReleaseScriptingObjects (0ms)
			CreateAndSetChildDomain (21ms)
		EndReloadAssembly (409ms)
			LoadAssemblies (29ms)
			RebuildTransferFunctionScriptingTraits (0ms)
			SetupTypeCache (139ms)
			ReleaseScriptCaches (1ms)
			RebuildScriptCaches (26ms)
			SetupLoadedEditorAssemblies (179ms)
				LogAssemblyErrors (0ms)
				InitializePlatformSupportModulesInManaged (5ms)
				SetLoadedEditorAssemblies (0ms)
				RefreshPlugins (0ms)
				BeforeProcessingInitializeOnLoad (33ms)
				ProcessInitializeOnLoadAttributes (128ms)
				ProcessInitializeOnLoadMethodAttributes (11ms)
				AfterProcessingInitializeOnLoad (1ms)
				EditorAssembliesLoaded (0ms)
			ExecutionOrderSort2 (0ms)
			AwakeInstancesAfterBackupRestoration (5ms)
Platform modules already initialized, skipping
Refreshing native plugins compatible for Editor in 0.25 ms, found 2 plugins.
Preloading 0 native plugins for Editor in 0.00 ms.
Unloading 3514 Unused Serialized files (Serialized files now loaded: 0)
Unloading 18 unused Assets / (22.0 KB). Loaded Objects now: 4071.
Memory consumption went from 310.5 MB to 310.5 MB.
Total: 2.102334 ms (FindLiveObjects: 0.120833 ms CreateObjectMapping: 0.041417 ms MarkObjects: 1.929708 ms  DeleteObjects: 0.009834 ms)

AssetImportParameters requested are different than current active one (requested -> active):
  custom:video-decoder-ogg-theora: a1e56fd34408186e4bbccfd4996cb3dc -> 
  custom:container-muxer-webm: aa71ff27fc2769a1b78a27578f13a17b -> 
  custom:container-demuxer-webm: 4f35f7cbe854078d1ac9338744f61a02 -> 
  custom:video-encoder-webm-vp8: eb34c28f22e8b96e1ab97ce403110664 -> 
  custom:framework-osx-AVFoundation: e770b220cccbd017edd2c1fefb359320 -> 
  custom:audio-encoder-webm-vorbis: bf7c407c2cedff20999df2af8eb42d56 -> 
  custom:container-demuxer-ogg: 62fdf1f143b41e24485cea50d1cbac27 -> 
  custom:video-decoder-webm-vp8: 9c59270c3fd7afecdb556c50c9e8de78 -> 
  custom:audio-decoder-ogg-vorbis: bf7c407c2cedff20999df2af8eb42d56 -> 
========================================================================
Received Import Request.
  Time since last request: 104.804134 seconds.
  path: Assets/Scripts/PanelIdleState.cs
  artifactKey: Guid(b2273e3c682284abb80887bb389df019) Importer(815301076,1909f56bfc062723c751e8b465ee728b)
Start importing Assets/Scripts/PanelIdleState.cs using Guid(b2273e3c682284abb80887bb389df019) Importer(815301076,1909f56bfc062723c751e8b465ee728b)  -> (artifact id: '4772eaf2b0f46c3b1e5a9e470ea74180') in 0.004733 seconds 
========================================================================
Received Prepare
Registering precompiled user dll's ...
Registered in 0.001489 seconds.
Begin MonoManager ReloadAssembly
Thread 0x16f1f3000 may have been prematurely finalized
Symbol file LoadedFromMemory doesn't match image /Users/derek/Public/GitHub/Unity-Learn-Pathways-JuniorProgrammer-ProgrammingTheoryInAction/Library/PackageCache/com.unity.visualscripting@1.7.7/Editor/VisualScripting.Core/Dependencies/YamlDotNet/Unity.VisualScripting.YamlDotNet.dll
Symbol file LoadedFromMemory is not a mono symbol file
Symbol file LoadedFromMemory doesn't match image /Users/derek/Public/GitHub/Unity-Learn-Pathways-JuniorProgrammer-ProgrammingTheoryInAction/Library/PackageCache/com.unity.visualscripting@1.7.7/Editor/VisualScripting.Core/Dependencies/DotNetZip/Unity.VisualScripting.IonicZip.dll
Native extension for OSXStandalone target not found
Native extension for WebGL target not found
Refreshing native plugins compatible for Editor in 0.49 ms, found 2 plugins.
Preloading 0 native plugins for Editor in 0.00 ms.
Mono: successfully reloaded assembly
- Completed reload, in  0.536 seconds
Domain Reload Profiling:
	ReloadAssembly (537ms)
		BeginReloadAssembly (64ms)
			ExecutionOrderSort (0ms)
			DisableScriptedObjects (3ms)
			BackupInstance (0ms)
			ReleaseScriptingObjects (0ms)
			CreateAndSetChildDomain (22ms)
		EndReloadAssembly (414ms)
			LoadAssemblies (30ms)
			RebuildTransferFunctionScriptingTraits (0ms)
			SetupTypeCache (140ms)
			ReleaseScriptCaches (1ms)
			RebuildScriptCaches (26ms)
			SetupLoadedEditorAssemblies (181ms)
				LogAssemblyErrors (0ms)
				InitializePlatformSupportModulesInManaged (5ms)
				SetLoadedEditorAssemblies (0ms)
				RefreshPlugins (1ms)
				BeforeProcessingInitializeOnLoad (34ms)
				ProcessInitializeOnLoadAttributes (129ms)
				ProcessInitializeOnLoadMethodAttributes (12ms)
				AfterProcessingInitializeOnLoad (1ms)
				EditorAssembliesLoaded (0ms)
			ExecutionOrderSort2 (0ms)
			AwakeInstancesAfterBackupRestoration (5ms)
Platform modules already initialized, skipping
Refreshing native plugins compatible for Editor in 0.38 ms, found 2 plugins.
Preloading 0 native plugins for Editor in 0.00 ms.
Unloading 3514 Unused Serialized files (Serialized files now loaded: 0)
Unloading 18 unused Assets / (21.9 KB). Loaded Objects now: 4074.
Memory consumption went from 310.7 MB to 310.7 MB.
Total: 2.170333 ms (FindLiveObjects: 0.123666 ms CreateObjectMapping: 0.048542 ms MarkObjects: 1.984917 ms  DeleteObjects: 0.012459 ms)

AssetImportParameters requested are different than current active one (requested -> active):
  custom:video-decoder-ogg-theora: a1e56fd34408186e4bbccfd4996cb3dc -> 
  custom:container-muxer-webm: aa71ff27fc2769a1b78a27578f13a17b -> 
  custom:container-demuxer-webm: 4f35f7cbe854078d1ac9338744f61a02 -> 
  custom:video-encoder-webm-vp8: eb34c28f22e8b96e1ab97ce403110664 -> 
  custom:framework-osx-AVFoundation: e770b220cccbd017edd2c1fefb359320 -> 
  custom:audio-encoder-webm-vorbis: bf7c407c2cedff20999df2af8eb42d56 -> 
  custom:container-demuxer-ogg: 62fdf1f143b41e24485cea50d1cbac27 -> 
  custom:video-decoder-webm-vp8: 9c59270c3fd7afecdb556c50c9e8de78 -> 
  custom:audio-decoder-ogg-vorbis: bf7c407c2cedff20999df2af8eb42d56 -> 
========================================================================
Received Import Request.
  Time since last request: 21.214207 seconds.
  path: Assets/Animators/PanelAnimator.controller
  artifactKey: Guid(9c656feb6d5434940906e1e2b6584fee) Importer(815301076,1909f56bfc062723c751e8b465ee728b)
Start importing Assets/Animators/PanelAnimator.controller using Guid(9c656feb6d5434940906e1e2b6584fee) Importer(815301076,1909f56bfc062723c751e8b465ee728b)  -> (artifact id: '1a72abe361480b14110facd7c644b237') in 0.031491 seconds 
